<?xml version="1.0" encoding="UTF-8"?>
<!-- Generated by org.testng.reporters.JUnitReportReporter -->
<testsuite hostname="Indra-Laptop" failures="0" tests="1" name="testCases.TC001_AccountRegistrationTest" time="2.487" errors="0" timestamp="2025-01-26T12:26:49 IST" skipped="0">
  <testcase classname="testCases.TC001_AccountRegistrationTest" name="verify_account_registration" time="2.487"/>
</testsuite> <!-- testCases.TC001_AccountRegistrationTest -->
